[1.113s] Invoking command in '/home/pruizayastuy/ros2_industrial_ws/src/industrial_turtle': PYTHONPATH=/home/pruizayastuy/ros2_industrial_ws/build/industrial_turtle/prefix_override:/usr/lib/python3/dist-packages/colcon_core/task/python/colcon_distutils_commands:/home/pruizayastuy/ros2_industrial_ws/install/industrial_turtle/lib/python3.10/site-packages:${PYTHONPATH} /usr/bin/python3 -W ignore:setup.py install is deprecated -W ignore:easy_install command is deprecated setup.py egg_info --egg-base ../../build/industrial_turtle build --build-base /home/pruizayastuy/ros2_industrial_ws/build/industrial_turtle/build install --record /home/pruizayastuy/ros2_industrial_ws/build/industrial_turtle/install.log --single-version-externally-managed install_data
[1.399s] running egg_info
[1.399s] writing ../../build/industrial_turtle/industrial_turtle.egg-info/PKG-INFO
[1.400s] writing dependency_links to ../../build/industrial_turtle/industrial_turtle.egg-info/dependency_links.txt
[1.401s] writing entry points to ../../build/industrial_turtle/industrial_turtle.egg-info/entry_points.txt
[1.401s] writing requirements to ../../build/industrial_turtle/industrial_turtle.egg-info/requires.txt
[1.404s] writing top-level names to ../../build/industrial_turtle/industrial_turtle.egg-info/top_level.txt
[1.408s] reading manifest file '../../build/industrial_turtle/industrial_turtle.egg-info/SOURCES.txt'
[1.411s] writing manifest file '../../build/industrial_turtle/industrial_turtle.egg-info/SOURCES.txt'
[1.414s] running build
[1.415s] running build_py
[1.415s] running install
[1.421s] running install_lib
[1.421s] running install_data
[1.421s] running install_egg_info
[1.440s] removing '/home/pruizayastuy/ros2_industrial_ws/install/industrial_turtle/lib/python3.10/site-packages/industrial_turtle-1.0.0-py3.10.egg-info' (and everything under it)
[1.440s] Copying ../../build/industrial_turtle/industrial_turtle.egg-info to /home/pruizayastuy/ros2_industrial_ws/install/industrial_turtle/lib/python3.10/site-packages/industrial_turtle-1.0.0-py3.10.egg-info
[1.440s] running install_scripts
[1.465s] Installing emergency_service script to /home/pruizayastuy/ros2_industrial_ws/install/industrial_turtle/lib/industrial_turtle
[1.466s] Installing mission_service script to /home/pruizayastuy/ros2_industrial_ws/install/industrial_turtle/lib/industrial_turtle
[1.467s] Installing robot_controller script to /home/pruizayastuy/ros2_industrial_ws/install/industrial_turtle/lib/industrial_turtle
[1.468s] Installing status_monitor script to /home/pruizayastuy/ros2_industrial_ws/install/industrial_turtle/lib/industrial_turtle
[1.469s] writing list of installed files to '/home/pruizayastuy/ros2_industrial_ws/build/industrial_turtle/install.log'
[1.529s] Invoked command in '/home/pruizayastuy/ros2_industrial_ws/src/industrial_turtle' returned '0': PYTHONPATH=/home/pruizayastuy/ros2_industrial_ws/build/industrial_turtle/prefix_override:/usr/lib/python3/dist-packages/colcon_core/task/python/colcon_distutils_commands:/home/pruizayastuy/ros2_industrial_ws/install/industrial_turtle/lib/python3.10/site-packages:${PYTHONPATH} /usr/bin/python3 -W ignore:setup.py install is deprecated -W ignore:easy_install command is deprecated setup.py egg_info --egg-base ../../build/industrial_turtle build --build-base /home/pruizayastuy/ros2_industrial_ws/build/industrial_turtle/build install --record /home/pruizayastuy/ros2_industrial_ws/build/industrial_turtle/install.log --single-version-externally-managed install_data
