running egg_info
creating ../../build/industrial_turtle/industrial_turtle.egg-info
writing ../../build/industrial_turtle/industrial_turtle.egg-info/PKG-INFO
writing dependency_links to ../../build/industrial_turtle/industrial_turtle.egg-info/dependency_links.txt
writing entry points to ../../build/industrial_turtle/industrial_turtle.egg-info/entry_points.txt
writing requirements to ../../build/industrial_turtle/industrial_turtle.egg-info/requires.txt
writing top-level names to ../../build/industrial_turtle/industrial_turtle.egg-info/top_level.txt
writing manifest file '../../build/industrial_turtle/industrial_turtle.egg-info/SOURCES.txt'
reading manifest file '../../build/industrial_turtle/industrial_turtle.egg-info/SOURCES.txt'
writing manifest file '../../build/industrial_turtle/industrial_turtle.egg-info/SOURCES.txt'
running build
running build_py
creating /home/pruizayastuy/ros2_industrial_ws/build/industrial_turtle/build
creating /home/pruizayastuy/ros2_industrial_ws/build/industrial_turtle/build/lib
creating /home/pruizayastuy/ros2_industrial_ws/build/industrial_turtle/build/lib/industrial_turtle
copying industrial_turtle/mission_service.py -> /home/pruizayastuy/ros2_industrial_ws/build/industrial_turtle/build/lib/industrial_turtle
copying industrial_turtle/__init__.py -> /home/pruizayastuy/ros2_industrial_ws/build/industrial_turtle/build/lib/industrial_turtle
copying industrial_turtle/robot_controller.py -> /home/pruizayastuy/ros2_industrial_ws/build/industrial_turtle/build/lib/industrial_turtle
copying industrial_turtle/status_monitor.py -> /home/pruizayastuy/ros2_industrial_ws/build/industrial_turtle/build/lib/industrial_turtle
copying industrial_turtle/emergency_service.py -> /home/pruizayastuy/ros2_industrial_ws/build/industrial_turtle/build/lib/industrial_turtle
running install
running install_lib
creating /home/pruizayastuy/ros2_industrial_ws/install/industrial_turtle/lib/python3.10/site-packages/industrial_turtle
copying /home/pruizayastuy/ros2_industrial_ws/build/industrial_turtle/build/lib/industrial_turtle/mission_service.py -> /home/pruizayastuy/ros2_industrial_ws/install/industrial_turtle/lib/python3.10/site-packages/industrial_turtle
copying /home/pruizayastuy/ros2_industrial_ws/build/industrial_turtle/build/lib/industrial_turtle/__init__.py -> /home/pruizayastuy/ros2_industrial_ws/install/industrial_turtle/lib/python3.10/site-packages/industrial_turtle
copying /home/pruizayastuy/ros2_industrial_ws/build/industrial_turtle/build/lib/industrial_turtle/robot_controller.py -> /home/pruizayastuy/ros2_industrial_ws/install/industrial_turtle/lib/python3.10/site-packages/industrial_turtle
copying /home/pruizayastuy/ros2_industrial_ws/build/industrial_turtle/build/lib/industrial_turtle/status_monitor.py -> /home/pruizayastuy/ros2_industrial_ws/install/industrial_turtle/lib/python3.10/site-packages/industrial_turtle
copying /home/pruizayastuy/ros2_industrial_ws/build/industrial_turtle/build/lib/industrial_turtle/emergency_service.py -> /home/pruizayastuy/ros2_industrial_ws/install/industrial_turtle/lib/python3.10/site-packages/industrial_turtle
byte-compiling /home/pruizayastuy/ros2_industrial_ws/install/industrial_turtle/lib/python3.10/site-packages/industrial_turtle/mission_service.py to mission_service.cpython-310.pyc
byte-compiling /home/pruizayastuy/ros2_industrial_ws/install/industrial_turtle/lib/python3.10/site-packages/industrial_turtle/__init__.py to __init__.cpython-310.pyc
byte-compiling /home/pruizayastuy/ros2_industrial_ws/install/industrial_turtle/lib/python3.10/site-packages/industrial_turtle/robot_controller.py to robot_controller.cpython-310.pyc
byte-compiling /home/pruizayastuy/ros2_industrial_ws/install/industrial_turtle/lib/python3.10/site-packages/industrial_turtle/status_monitor.py to status_monitor.cpython-310.pyc
byte-compiling /home/pruizayastuy/ros2_industrial_ws/install/industrial_turtle/lib/python3.10/site-packages/industrial_turtle/emergency_service.py to emergency_service.cpython-310.pyc
running install_data
creating /home/pruizayastuy/ros2_industrial_ws/install/industrial_turtle/share/ament_index
creating /home/pruizayastuy/ros2_industrial_ws/install/industrial_turtle/share/ament_index/resource_index
creating /home/pruizayastuy/ros2_industrial_ws/install/industrial_turtle/share/ament_index/resource_index/packages
copying resource/industrial_turtle -> /home/pruizayastuy/ros2_industrial_ws/install/industrial_turtle/share/ament_index/resource_index/packages
copying package.xml -> /home/pruizayastuy/ros2_industrial_ws/install/industrial_turtle/share/industrial_turtle
creating /home/pruizayastuy/ros2_industrial_ws/install/industrial_turtle/share/industrial_turtle/msg
copying msg/RobotStatus.msg -> /home/pruizayastuy/ros2_industrial_ws/install/industrial_turtle/share/industrial_turtle/msg
creating /home/pruizayastuy/ros2_industrial_ws/install/industrial_turtle/share/industrial_turtle/srv
copying srv/StartMission.srv -> /home/pruizayastuy/ros2_industrial_ws/install/industrial_turtle/share/industrial_turtle/srv
running install_egg_info
Copying ../../build/industrial_turtle/industrial_turtle.egg-info to /home/pruizayastuy/ros2_industrial_ws/install/industrial_turtle/lib/python3.10/site-packages/industrial_turtle-1.0.0-py3.10.egg-info
running install_scripts
Installing emergency_service script to /home/pruizayastuy/ros2_industrial_ws/install/industrial_turtle/lib/industrial_turtle
Installing mission_service script to /home/pruizayastuy/ros2_industrial_ws/install/industrial_turtle/lib/industrial_turtle
Installing robot_controller script to /home/pruizayastuy/ros2_industrial_ws/install/industrial_turtle/lib/industrial_turtle
Installing status_monitor script to /home/pruizayastuy/ros2_industrial_ws/install/industrial_turtle/lib/industrial_turtle
writing list of installed files to '/home/pruizayastuy/ros2_industrial_ws/build/industrial_turtle/install.log'
