[1.014s] Invoking command in '/home/pruizayastuy/ros2_industrial_ws/src/industrial_turtle': PYTHONPATH=/home/pruizayastuy/ros2_industrial_ws/build/industrial_turtle/prefix_override:/usr/lib/python3/dist-packages/colcon_core/task/python/colcon_distutils_commands:/home/pruizayastuy/ros2_industrial_ws/install/industrial_turtle/lib/python3.10/site-packages:${PYTHONPATH} /usr/bin/python3 -W ignore:setup.py install is deprecated -W ignore:easy_install command is deprecated setup.py egg_info --egg-base ../../build/industrial_turtle build --build-base /home/pruizayastuy/ros2_industrial_ws/build/industrial_turtle/build install --record /home/pruizayastuy/ros2_industrial_ws/build/industrial_turtle/install.log --single-version-externally-managed install_data
[1.393s] running egg_info
[1.395s] creating ../../build/industrial_turtle/industrial_turtle.egg-info
[1.397s] writing ../../build/industrial_turtle/industrial_turtle.egg-info/PKG-INFO
[1.398s] writing dependency_links to ../../build/industrial_turtle/industrial_turtle.egg-info/dependency_links.txt
[1.398s] writing entry points to ../../build/industrial_turtle/industrial_turtle.egg-info/entry_points.txt
[1.398s] writing requirements to ../../build/industrial_turtle/industrial_turtle.egg-info/requires.txt
[1.400s] writing top-level names to ../../build/industrial_turtle/industrial_turtle.egg-info/top_level.txt
[1.400s] writing manifest file '../../build/industrial_turtle/industrial_turtle.egg-info/SOURCES.txt'
[1.404s] reading manifest file '../../build/industrial_turtle/industrial_turtle.egg-info/SOURCES.txt'
[1.408s] writing manifest file '../../build/industrial_turtle/industrial_turtle.egg-info/SOURCES.txt'
[1.410s] running build
[1.410s] running build_py
[1.410s] creating /home/pruizayastuy/ros2_industrial_ws/build/industrial_turtle/build
[1.410s] creating /home/pruizayastuy/ros2_industrial_ws/build/industrial_turtle/build/lib
[1.410s] creating /home/pruizayastuy/ros2_industrial_ws/build/industrial_turtle/build/lib/industrial_turtle
[1.411s] copying industrial_turtle/mission_service.py -> /home/pruizayastuy/ros2_industrial_ws/build/industrial_turtle/build/lib/industrial_turtle
[1.411s] copying industrial_turtle/__init__.py -> /home/pruizayastuy/ros2_industrial_ws/build/industrial_turtle/build/lib/industrial_turtle
[1.417s] copying industrial_turtle/robot_controller.py -> /home/pruizayastuy/ros2_industrial_ws/build/industrial_turtle/build/lib/industrial_turtle
[1.428s] copying industrial_turtle/status_monitor.py -> /home/pruizayastuy/ros2_industrial_ws/build/industrial_turtle/build/lib/industrial_turtle
[1.429s] copying industrial_turtle/emergency_service.py -> /home/pruizayastuy/ros2_industrial_ws/build/industrial_turtle/build/lib/industrial_turtle
[1.429s] running install
[1.429s] running install_lib
[1.429s] creating /home/pruizayastuy/ros2_industrial_ws/install/industrial_turtle/lib/python3.10/site-packages/industrial_turtle
[1.430s] copying /home/pruizayastuy/ros2_industrial_ws/build/industrial_turtle/build/lib/industrial_turtle/mission_service.py -> /home/pruizayastuy/ros2_industrial_ws/install/industrial_turtle/lib/python3.10/site-packages/industrial_turtle
[1.431s] copying /home/pruizayastuy/ros2_industrial_ws/build/industrial_turtle/build/lib/industrial_turtle/__init__.py -> /home/pruizayastuy/ros2_industrial_ws/install/industrial_turtle/lib/python3.10/site-packages/industrial_turtle
[1.432s] copying /home/pruizayastuy/ros2_industrial_ws/build/industrial_turtle/build/lib/industrial_turtle/robot_controller.py -> /home/pruizayastuy/ros2_industrial_ws/install/industrial_turtle/lib/python3.10/site-packages/industrial_turtle
[1.432s] copying /home/pruizayastuy/ros2_industrial_ws/build/industrial_turtle/build/lib/industrial_turtle/status_monitor.py -> /home/pruizayastuy/ros2_industrial_ws/install/industrial_turtle/lib/python3.10/site-packages/industrial_turtle
[1.432s] copying /home/pruizayastuy/ros2_industrial_ws/build/industrial_turtle/build/lib/industrial_turtle/emergency_service.py -> /home/pruizayastuy/ros2_industrial_ws/install/industrial_turtle/lib/python3.10/site-packages/industrial_turtle
[1.432s] byte-compiling /home/pruizayastuy/ros2_industrial_ws/install/industrial_turtle/lib/python3.10/site-packages/industrial_turtle/mission_service.py to mission_service.cpython-310.pyc
[1.432s] byte-compiling /home/pruizayastuy/ros2_industrial_ws/install/industrial_turtle/lib/python3.10/site-packages/industrial_turtle/__init__.py to __init__.cpython-310.pyc
[1.433s] byte-compiling /home/pruizayastuy/ros2_industrial_ws/install/industrial_turtle/lib/python3.10/site-packages/industrial_turtle/robot_controller.py to robot_controller.cpython-310.pyc
[1.438s] byte-compiling /home/pruizayastuy/ros2_industrial_ws/install/industrial_turtle/lib/python3.10/site-packages/industrial_turtle/status_monitor.py to status_monitor.cpython-310.pyc
[1.439s] byte-compiling /home/pruizayastuy/ros2_industrial_ws/install/industrial_turtle/lib/python3.10/site-packages/industrial_turtle/emergency_service.py to emergency_service.cpython-310.pyc
[1.439s] running install_data
[1.440s] creating /home/pruizayastuy/ros2_industrial_ws/install/industrial_turtle/share/ament_index
[1.440s] creating /home/pruizayastuy/ros2_industrial_ws/install/industrial_turtle/share/ament_index/resource_index
[1.440s] creating /home/pruizayastuy/ros2_industrial_ws/install/industrial_turtle/share/ament_index/resource_index/packages
[1.440s] copying resource/industrial_turtle -> /home/pruizayastuy/ros2_industrial_ws/install/industrial_turtle/share/ament_index/resource_index/packages
[1.440s] copying package.xml -> /home/pruizayastuy/ros2_industrial_ws/install/industrial_turtle/share/industrial_turtle
[1.440s] creating /home/pruizayastuy/ros2_industrial_ws/install/industrial_turtle/share/industrial_turtle/msg
[1.440s] copying msg/RobotStatus.msg -> /home/pruizayastuy/ros2_industrial_ws/install/industrial_turtle/share/industrial_turtle/msg
[1.440s] creating /home/pruizayastuy/ros2_industrial_ws/install/industrial_turtle/share/industrial_turtle/srv
[1.440s] copying srv/StartMission.srv -> /home/pruizayastuy/ros2_industrial_ws/install/industrial_turtle/share/industrial_turtle/srv
[1.440s] running install_egg_info
[1.441s] Copying ../../build/industrial_turtle/industrial_turtle.egg-info to /home/pruizayastuy/ros2_industrial_ws/install/industrial_turtle/lib/python3.10/site-packages/industrial_turtle-1.0.0-py3.10.egg-info
[1.450s] running install_scripts
[1.531s] Installing emergency_service script to /home/pruizayastuy/ros2_industrial_ws/install/industrial_turtle/lib/industrial_turtle
[1.536s] Installing mission_service script to /home/pruizayastuy/ros2_industrial_ws/install/industrial_turtle/lib/industrial_turtle
[1.536s] Installing robot_controller script to /home/pruizayastuy/ros2_industrial_ws/install/industrial_turtle/lib/industrial_turtle
[1.536s] Installing status_monitor script to /home/pruizayastuy/ros2_industrial_ws/install/industrial_turtle/lib/industrial_turtle
[1.536s] writing list of installed files to '/home/pruizayastuy/ros2_industrial_ws/build/industrial_turtle/install.log'
[1.579s] Invoked command in '/home/pruizayastuy/ros2_industrial_ws/src/industrial_turtle' returned '0': PYTHONPATH=/home/pruizayastuy/ros2_industrial_ws/build/industrial_turtle/prefix_override:/usr/lib/python3/dist-packages/colcon_core/task/python/colcon_distutils_commands:/home/pruizayastuy/ros2_industrial_ws/install/industrial_turtle/lib/python3.10/site-packages:${PYTHONPATH} /usr/bin/python3 -W ignore:setup.py install is deprecated -W ignore:easy_install command is deprecated setup.py egg_info --egg-base ../../build/industrial_turtle build --build-base /home/pruizayastuy/ros2_industrial_ws/build/industrial_turtle/build install --record /home/pruizayastuy/ros2_industrial_ws/build/industrial_turtle/install.log --single-version-externally-managed install_data
