running develop
running egg_info
creating industrial_turtle.egg-info
writing industrial_turtle.egg-info/PKG-INFO
writing dependency_links to industrial_turtle.egg-info/dependency_links.txt
writing entry points to industrial_turtle.egg-info/entry_points.txt
writing requirements to industrial_turtle.egg-info/requires.txt
writing top-level names to industrial_turtle.egg-info/top_level.txt
writing manifest file 'industrial_turtle.egg-info/SOURCES.txt'
reading manifest file 'industrial_turtle.egg-info/SOURCES.txt'
writing manifest file 'industrial_turtle.egg-info/SOURCES.txt'
running build_ext
Creating /home/pruizayastuy/ros2_industrial_ws/install/industrial_turtle/lib/python3.10/site-packages/industrial-turtle.egg-link (link to .)
Installing emergency_service script to /home/pruizayastuy/ros2_industrial_ws/install/industrial_turtle/lib/industrial_turtle
Installing mission_service script to /home/pruizayastuy/ros2_industrial_ws/install/industrial_turtle/lib/industrial_turtle
Installing robot_controller script to /home/pruizayastuy/ros2_industrial_ws/install/industrial_turtle/lib/industrial_turtle
Installing status_monitor script to /home/pruizayastuy/ros2_industrial_ws/install/industrial_turtle/lib/industrial_turtle

Installed /home/pruizayastuy/ros2_industrial_ws/build/industrial_turtle
running symlink_data
creating /home/pruizayastuy/ros2_industrial_ws/install/industrial_turtle/share/ament_index
creating /home/pruizayastuy/ros2_industrial_ws/install/industrial_turtle/share/ament_index/resource_index
creating /home/pruizayastuy/ros2_industrial_ws/install/industrial_turtle/share/ament_index/resource_index/packages
symbolically linking /home/pruizayastuy/ros2_industrial_ws/build/industrial_turtle/resource/industrial_turtle -> /home/pruizayastuy/ros2_industrial_ws/install/industrial_turtle/share/ament_index/resource_index/packages
symbolically linking /home/pruizayastuy/ros2_industrial_ws/build/industrial_turtle/package.xml -> /home/pruizayastuy/ros2_industrial_ws/install/industrial_turtle/share/industrial_turtle
