[0.857s] Invoking command in '/home/pruizayastuy/ros2_industrial_ws/build/industrial_turtle': PYTHONPATH=/home/pruizayastuy/ros2_industrial_ws/build/industrial_turtle/prefix_override:/usr/lib/python3/dist-packages/colcon_core/task/python/colcon_distutils_commands:/home/pruizayastuy/ros2_industrial_ws/install/industrial_turtle/lib/python3.10/site-packages:${PYTHONPATH} /usr/bin/python3 -W ignore:setup.py install is deprecated -W ignore:easy_install command is deprecated setup.py develop --editable --build-directory /home/pruizayastuy/ros2_industrial_ws/build/industrial_turtle/build --no-deps symlink_data
[1.198s] running develop
[1.360s] running egg_info
[1.360s] creating industrial_turtle.egg-info
[1.360s] writing industrial_turtle.egg-info/PKG-INFO
[1.362s] writing dependency_links to industrial_turtle.egg-info/dependency_links.txt
[1.363s] writing entry points to industrial_turtle.egg-info/entry_points.txt
[1.363s] writing requirements to industrial_turtle.egg-info/requires.txt
[1.364s] writing top-level names to industrial_turtle.egg-info/top_level.txt
[1.364s] writing manifest file 'industrial_turtle.egg-info/SOURCES.txt'
[1.367s] reading manifest file 'industrial_turtle.egg-info/SOURCES.txt'
[1.369s] writing manifest file 'industrial_turtle.egg-info/SOURCES.txt'
[1.371s] running build_ext
[1.371s] Creating /home/pruizayastuy/ros2_industrial_ws/install/industrial_turtle/lib/python3.10/site-packages/industrial-turtle.egg-link (link to .)
[1.373s] Installing emergency_service script to /home/pruizayastuy/ros2_industrial_ws/install/industrial_turtle/lib/industrial_turtle
[1.373s] Installing mission_service script to /home/pruizayastuy/ros2_industrial_ws/install/industrial_turtle/lib/industrial_turtle
[1.374s] Installing robot_controller script to /home/pruizayastuy/ros2_industrial_ws/install/industrial_turtle/lib/industrial_turtle
[1.376s] Installing status_monitor script to /home/pruizayastuy/ros2_industrial_ws/install/industrial_turtle/lib/industrial_turtle
[1.376s] 
[1.376s] Installed /home/pruizayastuy/ros2_industrial_ws/build/industrial_turtle
[1.376s] running symlink_data
[1.376s] creating /home/pruizayastuy/ros2_industrial_ws/install/industrial_turtle/share/ament_index
[1.376s] creating /home/pruizayastuy/ros2_industrial_ws/install/industrial_turtle/share/ament_index/resource_index
[1.377s] creating /home/pruizayastuy/ros2_industrial_ws/install/industrial_turtle/share/ament_index/resource_index/packages
[1.377s] symbolically linking /home/pruizayastuy/ros2_industrial_ws/build/industrial_turtle/resource/industrial_turtle -> /home/pruizayastuy/ros2_industrial_ws/install/industrial_turtle/share/ament_index/resource_index/packages
[1.377s] symbolically linking /home/pruizayastuy/ros2_industrial_ws/build/industrial_turtle/package.xml -> /home/pruizayastuy/ros2_industrial_ws/install/industrial_turtle/share/industrial_turtle
[1.418s] Invoked command in '/home/pruizayastuy/ros2_industrial_ws/build/industrial_turtle' returned '0': PYTHONPATH=/home/pruizayastuy/ros2_industrial_ws/build/industrial_turtle/prefix_override:/usr/lib/python3/dist-packages/colcon_core/task/python/colcon_distutils_commands:/home/pruizayastuy/ros2_industrial_ws/install/industrial_turtle/lib/python3.10/site-packages:${PYTHONPATH} /usr/bin/python3 -W ignore:setup.py install is deprecated -W ignore:easy_install command is deprecated setup.py develop --editable --build-directory /home/pruizayastuy/ros2_industrial_ws/build/industrial_turtle/build --no-deps symlink_data
