[0.033s] Invoking command in '/home/pruizayastuy/ros2_industrial_ws/build/industrial_turtle': /usr/bin/cmake /home/pruizayastuy/ros2_industrial_ws -DCMAKE_INSTALL_PREFIX=/home/pruizayastuy/ros2_industrial_ws/install/industrial_turtle
[0.312s] -- The C compiler identification is GNU 11.4.0
[0.505s] -- The CXX compiler identification is GNU 11.4.0
[0.526s] -- Detecting C compiler ABI info
[0.699s] -- Detecting C compiler ABI info - done
[0.716s] -- Check for working C compiler: /usr/bin/cc - skipped
[0.718s] -- Detecting C compile features
[0.718s] -- Detecting C compile features - done
[0.724s] -- Detecting CXX compiler ABI info
[0.917s] -- Detecting CXX compiler ABI info - done
[0.926s] -- Check for working CXX compiler: /usr/bin/c++ - skipped
[0.926s] -- Detecting CXX compile features
[0.927s] -- Detecting CXX compile features - done
[0.932s] -- Found ament_cmake: 1.3.11 (/opt/ros/humble/share/ament_cmake/cmake)
[1.184s] -- Found Python3: /usr/bin/python3 (found version "3.10.12") found components: Interpreter 
[1.322s] -- Found rclpy: 3.3.16 (/opt/ros/humble/share/rclpy/cmake)
[1.334s] -- Found geometry_msgs: 4.8.0 (/opt/ros/humble/share/geometry_msgs/cmake)
[1.370s] -- Found rosidl_generator_c: 3.1.6 (/opt/ros/humble/share/rosidl_generator_c/cmake)
[1.377s] -- Found rosidl_adapter: 3.1.6 (/opt/ros/humble/share/rosidl_adapter/cmake)
[1.396s] -- Found rosidl_generator_cpp: 3.1.6 (/opt/ros/humble/share/rosidl_generator_cpp/cmake)
[1.407s] -- Using all available rosidl_typesupport_c: rosidl_typesupport_fastrtps_c;rosidl_typesupport_introspection_c
[1.425s] -- Using all available rosidl_typesupport_cpp: rosidl_typesupport_fastrtps_cpp;rosidl_typesupport_introspection_cpp
[1.467s] -- Found turtlesim: 1.4.2 (/opt/ros/humble/share/turtlesim/cmake)
[1.530s] -- Found std_srvs: 4.8.0 (/opt/ros/humble/share/std_srvs/cmake)
[1.582s] -- Found rosidl_default_generators: 1.2.0 (/opt/ros/humble/share/rosidl_default_generators/cmake)
[1.611s] [31mCMake Error at /opt/ros/humble/share/rosidl_cmake/cmake/rosidl_generate_interfaces.cmake:93 (message):
[1.611s]   rosidl_generate_interfaces() the passed file 'msg/RobotStatus.msg' doesn't
[1.612s]   exist relative to the CMAKE_CURRENT_SOURCE_DIR
[1.612s]   '/home/pruizayastuy/ros2_industrial_ws'
[1.612s] Call Stack (most recent call first):
[1.612s]   CMakeLists.txt:18 (rosidl_generate_interfaces)
[1.612s] 
[1.612s] [0m
[1.612s] -- Configuring incomplete, errors occurred!
[1.612s] See also "/home/pruizayastuy/ros2_industrial_ws/build/industrial_turtle/CMakeFiles/CMakeOutput.log".
[1.621s] Invoked command in '/home/pruizayastuy/ros2_industrial_ws/build/industrial_turtle' returned '1': /usr/bin/cmake /home/pruizayastuy/ros2_industrial_ws -DCMAKE_INSTALL_PREFIX=/home/pruizayastuy/ros2_industrial_ws/install/industrial_turtle
