running egg_info
writing ../../build/industrial_turtle/industrial_turtle.egg-info/PKG-INFO
writing dependency_links to ../../build/industrial_turtle/industrial_turtle.egg-info/dependency_links.txt
writing entry points to ../../build/industrial_turtle/industrial_turtle.egg-info/entry_points.txt
writing requirements to ../../build/industrial_turtle/industrial_turtle.egg-info/requires.txt
writing top-level names to ../../build/industrial_turtle/industrial_turtle.egg-info/top_level.txt
reading manifest file '../../build/industrial_turtle/industrial_turtle.egg-info/SOURCES.txt'
writing manifest file '../../build/industrial_turtle/industrial_turtle.egg-info/SOURCES.txt'
running build
running build_py
running install
running install_lib
running install_data
copying package.xml -> /home/pruizayastuy/ros2_industrial_ws/install/industrial_turtle/share/industrial_turtle
running install_egg_info
removing '/home/pruizayastuy/ros2_industrial_ws/install/industrial_turtle/lib/python3.10/site-packages/industrial_turtle-1.0.0-py3.10.egg-info' (and everything under it)
Copying ../../build/industrial_turtle/industrial_turtle.egg-info to /home/pruizayastuy/ros2_industrial_ws/install/industrial_turtle/lib/python3.10/site-packages/industrial_turtle-1.0.0-py3.10.egg-info
running install_scripts
Installing emergency_service script to /home/pruizayastuy/ros2_industrial_ws/install/industrial_turtle/lib/industrial_turtle
Installing mission_service script to /home/pruizayastuy/ros2_industrial_ws/install/industrial_turtle/lib/industrial_turtle
Installing robot_controller script to /home/pruizayastuy/ros2_industrial_ws/install/industrial_turtle/lib/industrial_turtle
Installing status_monitor script to /home/pruizayastuy/ros2_industrial_ws/install/industrial_turtle/lib/industrial_turtle
writing list of installed files to '/home/pruizayastuy/ros2_industrial_ws/build/industrial_turtle/install.log'
