-- The C compiler identification is GNU 11.4.0
-- The CXX compiler identification is GNU 11.4.0
-- Detecting C compiler ABI info
-- Detecting C compiler ABI info - done
-- Check for working C compiler: /usr/bin/cc - skipped
-- Detecting C compile features
-- Detecting C compile features - done
-- Detecting CXX compiler ABI info
-- Detecting CXX compiler ABI info - done
-- Check for working CXX compiler: /usr/bin/c++ - skipped
-- Detecting CXX compile features
-- Detecting CXX compile features - done
-- Found ament_cmake: 1.3.11 (/opt/ros/humble/share/ament_cmake/cmake)
-- Found Python3: /usr/bin/python3 (found version "3.10.12") found components: Interpreter 
-- Found rclpy: 3.3.16 (/opt/ros/humble/share/rclpy/cmake)
-- Found geometry_msgs: 4.8.0 (/opt/ros/humble/share/geometry_msgs/cmake)
-- Found rosidl_generator_c: 3.1.6 (/opt/ros/humble/share/rosidl_generator_c/cmake)
-- Found rosidl_adapter: 3.1.6 (/opt/ros/humble/share/rosidl_adapter/cmake)
-- Found rosidl_generator_cpp: 3.1.6 (/opt/ros/humble/share/rosidl_generator_cpp/cmake)
-- Using all available rosidl_typesupport_c: rosidl_typesupport_fastrtps_c;rosidl_typesupport_introspection_c
-- Using all available rosidl_typesupport_cpp: rosidl_typesupport_fastrtps_cpp;rosidl_typesupport_introspection_cpp
-- Found turtlesim: 1.4.2 (/opt/ros/humble/share/turtlesim/cmake)
-- Found std_srvs: 4.8.0 (/opt/ros/humble/share/std_srvs/cmake)
-- Found rosidl_default_generators: 1.2.0 (/opt/ros/humble/share/rosidl_default_generators/cmake)
-- Found ament_cmake_ros: 0.10.0 (/opt/ros/humble/share/ament_cmake_ros/cmake)
-- Using all available rosidl_typesupport_c: rosidl_typesupport_fastrtps_c;rosidl_typesupport_introspection_c
-- Using all available rosidl_typesupport_cpp: rosidl_typesupport_fastrtps_cpp;rosidl_typesupport_introspection_cpp
-- Found PythonInterp: /usr/bin/python3 (found suitable version "3.10.12", minimum required is "3.6") 
-- Found python_cmake_module: 0.10.0 (/opt/ros/humble/share/python_cmake_module/cmake)
-- Found PythonLibs: /usr/lib/x86_64-linux-gnu/libpython3.10.so (found suitable version "3.10.12", minimum required is "3.5") 
-- Using PYTHON_EXECUTABLE: /usr/bin/python3
-- Using PYTHON_INCLUDE_DIRS: /usr/include/python3.10
-- Using PYTHON_LIBRARIES: /usr/lib/x86_64-linux-gnu/libpython3.10.so
-- Found PythonExtra: .so  
-- Configuring done
[33mCMake Warning:
  Manually-specified variables were not used by the project:

    CATKIN_INSTALL_INTO_PREFIX_ROOT
    CATKIN_SYMLINK_INSTALL

[0m
-- Generating done
-- Build files have been written to: /home/pruizayastuy/ros2_industrial_ws/build/industrial_turtle
[  2%] [34m[1mGenerating C code for ROS interfaces[0m
[  5%] [34m[1mGenerating C++ code for ROS interfaces[0m
[  7%] [32mBuilding C object CMakeFiles/industrial_turtle__rosidl_generator_c.dir/rosidl_generator_c/industrial_turtle/msg/detail/robot_status__functions.c.o[0m
[  7%] Built target industrial_turtle__cpp
[  7%] Built target ament_cmake_python_copy_industrial_turtle
[ 10%] [34m[1mGenerating C++ type support dispatch for ROS interfaces[0m
[ 12%] [32mBuilding C object CMakeFiles/industrial_turtle__rosidl_generator_c.dir/rosidl_generator_c/industrial_turtle/srv/detail/start_mission__functions.c.o[0m
[ 15%] [32m[1mLinking C shared library libindustrial_turtle__rosidl_generator_c.so[0m
[ 15%] Built target industrial_turtle__rosidl_generator_c
[ 17%] [34m[1mGenerating C++ type support for eProsima Fast-RTPS[0m
[ 20%] [32mBuilding CXX object CMakeFiles/industrial_turtle__rosidl_typesupport_cpp.dir/rosidl_typesupport_cpp/industrial_turtle/msg/robot_status__type_support.cpp.o[0m
[ 23%] [32mBuilding CXX object CMakeFiles/industrial_turtle__rosidl_typesupport_cpp.dir/rosidl_typesupport_cpp/industrial_turtle/srv/start_mission__type_support.cpp.o[0m
[ 25%] [32mBuilding CXX object CMakeFiles/industrial_turtle__rosidl_typesupport_fastrtps_cpp.dir/rosidl_typesupport_fastrtps_cpp/industrial_turtle/msg/detail/dds_fastrtps/robot_status__type_support.cpp.o[0m
[ 28%] [32m[1mLinking CXX shared library libindustrial_turtle__rosidl_typesupport_cpp.so[0m
[ 28%] Built target industrial_turtle__rosidl_typesupport_cpp
[ 30%] [34m[1mGenerating C introspection for ROS interfaces[0m
[ 33%] [32mBuilding C object CMakeFiles/industrial_turtle__rosidl_typesupport_introspection_c.dir/rosidl_typesupport_introspection_c/industrial_turtle/msg/detail/robot_status__type_support.c.o[0m
[ 35%] [32mBuilding CXX object CMakeFiles/industrial_turtle__rosidl_typesupport_fastrtps_cpp.dir/rosidl_typesupport_fastrtps_cpp/industrial_turtle/srv/detail/dds_fastrtps/start_mission__type_support.cpp.o[0m
[ 38%] [32mBuilding C object CMakeFiles/industrial_turtle__rosidl_typesupport_introspection_c.dir/rosidl_typesupport_introspection_c/industrial_turtle/srv/detail/start_mission__type_support.c.o[0m
[ 41%] [32m[1mLinking C shared library libindustrial_turtle__rosidl_typesupport_introspection_c.so[0m
[ 43%] [32m[1mLinking CXX shared library libindustrial_turtle__rosidl_typesupport_fastrtps_cpp.so[0m
[ 43%] Built target industrial_turtle__rosidl_typesupport_introspection_c
[ 46%] [34m[1mGenerating C type support dispatch for ROS interfaces[0m
[ 46%] Built target industrial_turtle__rosidl_typesupport_fastrtps_cpp
[ 48%] [34m[1mGenerating C++ introspection for ROS interfaces[0m
[ 51%] [32mBuilding CXX object CMakeFiles/industrial_turtle__rosidl_typesupport_c.dir/rosidl_typesupport_c/industrial_turtle/msg/robot_status__type_support.cpp.o[0m
[ 53%] [32mBuilding CXX object CMakeFiles/industrial_turtle__rosidl_typesupport_c.dir/rosidl_typesupport_c/industrial_turtle/srv/start_mission__type_support.cpp.o[0m
[ 56%] [32m[1mLinking CXX shared library libindustrial_turtle__rosidl_typesupport_c.so[0m
[ 58%] [32mBuilding CXX object CMakeFiles/industrial_turtle__rosidl_typesupport_introspection_cpp.dir/rosidl_typesupport_introspection_cpp/industrial_turtle/msg/detail/robot_status__type_support.cpp.o[0m
[ 58%] Built target industrial_turtle__rosidl_typesupport_c
[ 61%] [32mBuilding CXX object CMakeFiles/industrial_turtle__rosidl_typesupport_introspection_cpp.dir/rosidl_typesupport_introspection_cpp/industrial_turtle/srv/detail/start_mission__type_support.cpp.o[0m
[ 64%] [32m[1mLinking CXX shared library libindustrial_turtle__rosidl_typesupport_introspection_cpp.so[0m
[ 64%] Built target industrial_turtle__rosidl_typesupport_introspection_cpp
[ 66%] [34m[1mGenerating C type support for eProsima Fast-RTPS[0m
running egg_info
creating industrial_turtle.egg-info
writing industrial_turtle.egg-info/PKG-INFO
writing dependency_links to industrial_turtle.egg-info/dependency_links.txt
writing top-level names to industrial_turtle.egg-info/top_level.txt
writing manifest file 'industrial_turtle.egg-info/SOURCES.txt'
reading manifest file 'industrial_turtle.egg-info/SOURCES.txt'
writing manifest file 'industrial_turtle.egg-info/SOURCES.txt'
[ 66%] Built target ament_cmake_python_build_industrial_turtle_egg
[ 69%] [32mBuilding CXX object CMakeFiles/industrial_turtle__rosidl_typesupport_fastrtps_c.dir/rosidl_typesupport_fastrtps_c/industrial_turtle/srv/detail/start_mission__type_support_c.cpp.o[0m
[ 71%] [32mBuilding CXX object CMakeFiles/industrial_turtle__rosidl_typesupport_fastrtps_c.dir/rosidl_typesupport_fastrtps_c/industrial_turtle/msg/detail/robot_status__type_support_c.cpp.o[0m
[ 74%] [32m[1mLinking CXX shared library libindustrial_turtle__rosidl_typesupport_fastrtps_c.so[0m
[ 74%] Built target industrial_turtle__rosidl_typesupport_fastrtps_c
[ 74%] Built target industrial_turtle
[ 76%] [34m[1mGenerating Python code for ROS interfaces[0m
[ 76%] Built target industrial_turtle__py
[ 79%] [32mBuilding C object CMakeFiles/industrial_turtle__rosidl_generator_py.dir/rosidl_generator_py/industrial_turtle/msg/_robot_status_s.c.o[0m
[ 82%] [32mBuilding C object CMakeFiles/industrial_turtle__rosidl_generator_py.dir/rosidl_generator_py/industrial_turtle/srv/_start_mission_s.c.o[0m
[ 84%] [32m[1mLinking C shared library rosidl_generator_py/industrial_turtle/libindustrial_turtle__rosidl_generator_py.so[0m
[ 84%] Built target industrial_turtle__rosidl_generator_py
[ 89%] [32mBuilding C object CMakeFiles/industrial_turtle__rosidl_typesupport_introspection_c__pyext.dir/rosidl_generator_py/industrial_turtle/_industrial_turtle_s.ep.rosidl_typesupport_introspection_c.c.o[0m
[ 89%] [32mBuilding C object CMakeFiles/industrial_turtle__rosidl_typesupport_fastrtps_c__pyext.dir/rosidl_generator_py/industrial_turtle/_industrial_turtle_s.ep.rosidl_typesupport_fastrtps_c.c.o[0m
[ 92%] [32m[1mLinking C shared library rosidl_generator_py/industrial_turtle/industrial_turtle_s__rosidl_typesupport_introspection_c.cpython-310-x86_64-linux-gnu.so[0m
[ 92%] Built target industrial_turtle__rosidl_typesupport_introspection_c__pyext
[ 94%] [32m[1mLinking C shared library rosidl_generator_py/industrial_turtle/industrial_turtle_s__rosidl_typesupport_fastrtps_c.cpython-310-x86_64-linux-gnu.so[0m
[ 97%] [32mBuilding C object CMakeFiles/industrial_turtle__rosidl_typesupport_c__pyext.dir/rosidl_generator_py/industrial_turtle/_industrial_turtle_s.ep.rosidl_typesupport_c.c.o[0m
[ 97%] Built target industrial_turtle__rosidl_typesupport_fastrtps_c__pyext
[100%] [32m[1mLinking C shared library rosidl_generator_py/industrial_turtle/industrial_turtle_s__rosidl_typesupport_c.cpython-310-x86_64-linux-gnu.so[0m
[100%] Built target industrial_turtle__rosidl_typesupport_c__pyext
-- Install configuration: ""
-- Installing: /home/pruizayastuy/ros2_industrial_ws/install/industrial_turtle/share/ament_index/resource_index/rosidl_interfaces/industrial_turtle
-- Installing: /home/pruizayastuy/ros2_industrial_ws/install/industrial_turtle/include/industrial_turtle/industrial_turtle
-- Installing: /home/pruizayastuy/ros2_industrial_ws/install/industrial_turtle/include/industrial_turtle/industrial_turtle/srv
-- Installing: /home/pruizayastuy/ros2_industrial_ws/install/industrial_turtle/include/industrial_turtle/industrial_turtle/srv/detail
-- Installing: /home/pruizayastuy/ros2_industrial_ws/install/industrial_turtle/include/industrial_turtle/industrial_turtle/srv/detail/start_mission__functions.c
-- Installing: /home/pruizayastuy/ros2_industrial_ws/install/industrial_turtle/include/industrial_turtle/industrial_turtle/srv/detail/start_mission__functions.h
-- Installing: /home/pruizayastuy/ros2_industrial_ws/install/industrial_turtle/include/industrial_turtle/industrial_turtle/srv/detail/start_mission__struct.h
-- Installing: /home/pruizayastuy/ros2_industrial_ws/install/industrial_turtle/include/industrial_turtle/industrial_turtle/srv/detail/start_mission__type_support.h
-- Installing: /home/pruizayastuy/ros2_industrial_ws/install/industrial_turtle/include/industrial_turtle/industrial_turtle/srv/start_mission.h
-- Installing: /home/pruizayastuy/ros2_industrial_ws/install/industrial_turtle/include/industrial_turtle/industrial_turtle/msg
-- Installing: /home/pruizayastuy/ros2_industrial_ws/install/industrial_turtle/include/industrial_turtle/industrial_turtle/msg/detail
-- Installing: /home/pruizayastuy/ros2_industrial_ws/install/industrial_turtle/include/industrial_turtle/industrial_turtle/msg/detail/robot_status__functions.h
-- Installing: /home/pruizayastuy/ros2_industrial_ws/install/industrial_turtle/include/industrial_turtle/industrial_turtle/msg/detail/robot_status__type_support.h
-- Installing: /home/pruizayastuy/ros2_industrial_ws/install/industrial_turtle/include/industrial_turtle/industrial_turtle/msg/detail/robot_status__struct.h
-- Installing: /home/pruizayastuy/ros2_industrial_ws/install/industrial_turtle/include/industrial_turtle/industrial_turtle/msg/detail/robot_status__functions.c
-- Installing: /home/pruizayastuy/ros2_industrial_ws/install/industrial_turtle/include/industrial_turtle/industrial_turtle/msg/robot_status.h
-- Installing: /home/pruizayastuy/ros2_industrial_ws/install/industrial_turtle/include/industrial_turtle/industrial_turtle/msg/rosidl_generator_c__visibility_control.h
-- Installing: /home/pruizayastuy/ros2_industrial_ws/install/industrial_turtle/share/industrial_turtle/environment/library_path.sh
-- Installing: /home/pruizayastuy/ros2_industrial_ws/install/industrial_turtle/share/industrial_turtle/environment/library_path.dsv
-- Installing: /home/pruizayastuy/ros2_industrial_ws/install/industrial_turtle/lib/libindustrial_turtle__rosidl_generator_c.so
-- Set runtime path of "/home/pruizayastuy/ros2_industrial_ws/install/industrial_turtle/lib/libindustrial_turtle__rosidl_generator_c.so" to ""
-- Up-to-date: /home/pruizayastuy/ros2_industrial_ws/install/industrial_turtle/include/industrial_turtle/industrial_turtle
-- Up-to-date: /home/pruizayastuy/ros2_industrial_ws/install/industrial_turtle/include/industrial_turtle/industrial_turtle/srv
-- Up-to-date: /home/pruizayastuy/ros2_industrial_ws/install/industrial_turtle/include/industrial_turtle/industrial_turtle/srv/detail
-- Installing: /home/pruizayastuy/ros2_industrial_ws/install/industrial_turtle/include/industrial_turtle/industrial_turtle/srv/detail/start_mission__rosidl_typesupport_fastrtps_c.h
-- Up-to-date: /home/pruizayastuy/ros2_industrial_ws/install/industrial_turtle/include/industrial_turtle/industrial_turtle/msg
-- Up-to-date: /home/pruizayastuy/ros2_industrial_ws/install/industrial_turtle/include/industrial_turtle/industrial_turtle/msg/detail
-- Installing: /home/pruizayastuy/ros2_industrial_ws/install/industrial_turtle/include/industrial_turtle/industrial_turtle/msg/detail/robot_status__rosidl_typesupport_fastrtps_c.h
-- Installing: /home/pruizayastuy/ros2_industrial_ws/install/industrial_turtle/include/industrial_turtle/industrial_turtle/msg/rosidl_typesupport_fastrtps_c__visibility_control.h
-- Installing: /home/pruizayastuy/ros2_industrial_ws/install/industrial_turtle/lib/libindustrial_turtle__rosidl_typesupport_fastrtps_c.so
-- Set runtime path of "/home/pruizayastuy/ros2_industrial_ws/install/industrial_turtle/lib/libindustrial_turtle__rosidl_typesupport_fastrtps_c.so" to ""
-- Up-to-date: /home/pruizayastuy/ros2_industrial_ws/install/industrial_turtle/include/industrial_turtle/industrial_turtle
-- Up-to-date: /home/pruizayastuy/ros2_industrial_ws/install/industrial_turtle/include/industrial_turtle/industrial_turtle/srv
-- Up-to-date: /home/pruizayastuy/ros2_industrial_ws/install/industrial_turtle/include/industrial_turtle/industrial_turtle/srv/detail
-- Installing: /home/pruizayastuy/ros2_industrial_ws/install/industrial_turtle/include/industrial_turtle/industrial_turtle/srv/detail/start_mission__builder.hpp
-- Installing: /home/pruizayastuy/ros2_industrial_ws/install/industrial_turtle/include/industrial_turtle/industrial_turtle/srv/detail/start_mission__struct.hpp
-- Installing: /home/pruizayastuy/ros2_industrial_ws/install/industrial_turtle/include/industrial_turtle/industrial_turtle/srv/detail/start_mission__type_support.hpp
-- Installing: /home/pruizayastuy/ros2_industrial_ws/install/industrial_turtle/include/industrial_turtle/industrial_turtle/srv/detail/start_mission__traits.hpp
-- Installing: /home/pruizayastuy/ros2_industrial_ws/install/industrial_turtle/include/industrial_turtle/industrial_turtle/srv/start_mission.hpp
-- Up-to-date: /home/pruizayastuy/ros2_industrial_ws/install/industrial_turtle/include/industrial_turtle/industrial_turtle/msg
-- Up-to-date: /home/pruizayastuy/ros2_industrial_ws/install/industrial_turtle/include/industrial_turtle/industrial_turtle/msg/detail
-- Installing: /home/pruizayastuy/ros2_industrial_ws/install/industrial_turtle/include/industrial_turtle/industrial_turtle/msg/detail/robot_status__type_support.hpp
-- Installing: /home/pruizayastuy/ros2_industrial_ws/install/industrial_turtle/include/industrial_turtle/industrial_turtle/msg/detail/robot_status__struct.hpp
-- Installing: /home/pruizayastuy/ros2_industrial_ws/install/industrial_turtle/include/industrial_turtle/industrial_turtle/msg/detail/robot_status__builder.hpp
-- Installing: /home/pruizayastuy/ros2_industrial_ws/install/industrial_turtle/include/industrial_turtle/industrial_turtle/msg/detail/robot_status__traits.hpp
-- Installing: /home/pruizayastuy/ros2_industrial_ws/install/industrial_turtle/include/industrial_turtle/industrial_turtle/msg/rosidl_generator_cpp__visibility_control.hpp
-- Installing: /home/pruizayastuy/ros2_industrial_ws/install/industrial_turtle/include/industrial_turtle/industrial_turtle/msg/robot_status.hpp
-- Up-to-date: /home/pruizayastuy/ros2_industrial_ws/install/industrial_turtle/include/industrial_turtle/industrial_turtle
-- Up-to-date: /home/pruizayastuy/ros2_industrial_ws/install/industrial_turtle/include/industrial_turtle/industrial_turtle/srv
-- Up-to-date: /home/pruizayastuy/ros2_industrial_ws/install/industrial_turtle/include/industrial_turtle/industrial_turtle/srv/detail
-- Installing: /home/pruizayastuy/ros2_industrial_ws/install/industrial_turtle/include/industrial_turtle/industrial_turtle/srv/detail/dds_fastrtps
-- Installing: /home/pruizayastuy/ros2_industrial_ws/install/industrial_turtle/include/industrial_turtle/industrial_turtle/srv/detail/start_mission__rosidl_typesupport_fastrtps_cpp.hpp
-- Up-to-date: /home/pruizayastuy/ros2_industrial_ws/install/industrial_turtle/include/industrial_turtle/industrial_turtle/msg
-- Up-to-date: /home/pruizayastuy/ros2_industrial_ws/install/industrial_turtle/include/industrial_turtle/industrial_turtle/msg/detail
-- Installing: /home/pruizayastuy/ros2_industrial_ws/install/industrial_turtle/include/industrial_turtle/industrial_turtle/msg/detail/dds_fastrtps
-- Installing: /home/pruizayastuy/ros2_industrial_ws/install/industrial_turtle/include/industrial_turtle/industrial_turtle/msg/detail/robot_status__rosidl_typesupport_fastrtps_cpp.hpp
-- Installing: /home/pruizayastuy/ros2_industrial_ws/install/industrial_turtle/include/industrial_turtle/industrial_turtle/msg/rosidl_typesupport_fastrtps_cpp__visibility_control.h
-- Installing: /home/pruizayastuy/ros2_industrial_ws/install/industrial_turtle/lib/libindustrial_turtle__rosidl_typesupport_fastrtps_cpp.so
-- Set runtime path of "/home/pruizayastuy/ros2_industrial_ws/install/industrial_turtle/lib/libindustrial_turtle__rosidl_typesupport_fastrtps_cpp.so" to ""
-- Up-to-date: /home/pruizayastuy/ros2_industrial_ws/install/industrial_turtle/include/industrial_turtle/industrial_turtle
-- Up-to-date: /home/pruizayastuy/ros2_industrial_ws/install/industrial_turtle/include/industrial_turtle/industrial_turtle/srv
-- Up-to-date: /home/pruizayastuy/ros2_industrial_ws/install/industrial_turtle/include/industrial_turtle/industrial_turtle/srv/detail
-- Installing: /home/pruizayastuy/ros2_industrial_ws/install/industrial_turtle/include/industrial_turtle/industrial_turtle/srv/detail/start_mission__type_support.c
-- Installing: /home/pruizayastuy/ros2_industrial_ws/install/industrial_turtle/include/industrial_turtle/industrial_turtle/srv/detail/start_mission__rosidl_typesupport_introspection_c.h
-- Up-to-date: /home/pruizayastuy/ros2_industrial_ws/install/industrial_turtle/include/industrial_turtle/industrial_turtle/msg
-- Installing: /home/pruizayastuy/ros2_industrial_ws/install/industrial_turtle/include/industrial_turtle/industrial_turtle/msg/rosidl_typesupport_introspection_c__visibility_control.h
-- Up-to-date: /home/pruizayastuy/ros2_industrial_ws/install/industrial_turtle/include/industrial_turtle/industrial_turtle/msg/detail
-- Installing: /home/pruizayastuy/ros2_industrial_ws/install/industrial_turtle/include/industrial_turtle/industrial_turtle/msg/detail/robot_status__rosidl_typesupport_introspection_c.h
-- Installing: /home/pruizayastuy/ros2_industrial_ws/install/industrial_turtle/include/industrial_turtle/industrial_turtle/msg/detail/robot_status__type_support.c
-- Installing: /home/pruizayastuy/ros2_industrial_ws/install/industrial_turtle/lib/libindustrial_turtle__rosidl_typesupport_introspection_c.so
-- Set runtime path of "/home/pruizayastuy/ros2_industrial_ws/install/industrial_turtle/lib/libindustrial_turtle__rosidl_typesupport_introspection_c.so" to ""
-- Installing: /home/pruizayastuy/ros2_industrial_ws/install/industrial_turtle/lib/libindustrial_turtle__rosidl_typesupport_c.so
-- Set runtime path of "/home/pruizayastuy/ros2_industrial_ws/install/industrial_turtle/lib/libindustrial_turtle__rosidl_typesupport_c.so" to ""
-- Up-to-date: /home/pruizayastuy/ros2_industrial_ws/install/industrial_turtle/include/industrial_turtle/industrial_turtle
-- Up-to-date: /home/pruizayastuy/ros2_industrial_ws/install/industrial_turtle/include/industrial_turtle/industrial_turtle/srv
-- Up-to-date: /home/pruizayastuy/ros2_industrial_ws/install/industrial_turtle/include/industrial_turtle/industrial_turtle/srv/detail
-- Installing: /home/pruizayastuy/ros2_industrial_ws/install/industrial_turtle/include/industrial_turtle/industrial_turtle/srv/detail/start_mission__type_support.cpp
-- Installing: /home/pruizayastuy/ros2_industrial_ws/install/industrial_turtle/include/industrial_turtle/industrial_turtle/srv/detail/start_mission__rosidl_typesupport_introspection_cpp.hpp
-- Up-to-date: /home/pruizayastuy/ros2_industrial_ws/install/industrial_turtle/include/industrial_turtle/industrial_turtle/msg
-- Up-to-date: /home/pruizayastuy/ros2_industrial_ws/install/industrial_turtle/include/industrial_turtle/industrial_turtle/msg/detail
-- Installing: /home/pruizayastuy/ros2_industrial_ws/install/industrial_turtle/include/industrial_turtle/industrial_turtle/msg/detail/robot_status__type_support.cpp
-- Installing: /home/pruizayastuy/ros2_industrial_ws/install/industrial_turtle/include/industrial_turtle/industrial_turtle/msg/detail/robot_status__rosidl_typesupport_introspection_cpp.hpp
-- Installing: /home/pruizayastuy/ros2_industrial_ws/install/industrial_turtle/lib/libindustrial_turtle__rosidl_typesupport_introspection_cpp.so
-- Set runtime path of "/home/pruizayastuy/ros2_industrial_ws/install/industrial_turtle/lib/libindustrial_turtle__rosidl_typesupport_introspection_cpp.so" to ""
-- Installing: /home/pruizayastuy/ros2_industrial_ws/install/industrial_turtle/lib/libindustrial_turtle__rosidl_typesupport_cpp.so
-- Set runtime path of "/home/pruizayastuy/ros2_industrial_ws/install/industrial_turtle/lib/libindustrial_turtle__rosidl_typesupport_cpp.so" to ""
-- Installing: /home/pruizayastuy/ros2_industrial_ws/install/industrial_turtle/share/industrial_turtle/environment/pythonpath.sh
-- Installing: /home/pruizayastuy/ros2_industrial_ws/install/industrial_turtle/share/industrial_turtle/environment/pythonpath.dsv
-- Installing: /home/pruizayastuy/ros2_industrial_ws/install/industrial_turtle/local/lib/python3.10/dist-packages/industrial_turtle-1.0.0-py3.10.egg-info
-- Installing: /home/pruizayastuy/ros2_industrial_ws/install/industrial_turtle/local/lib/python3.10/dist-packages/industrial_turtle-1.0.0-py3.10.egg-info/SOURCES.txt
-- Installing: /home/pruizayastuy/ros2_industrial_ws/install/industrial_turtle/local/lib/python3.10/dist-packages/industrial_turtle-1.0.0-py3.10.egg-info/dependency_links.txt
-- Installing: /home/pruizayastuy/ros2_industrial_ws/install/industrial_turtle/local/lib/python3.10/dist-packages/industrial_turtle-1.0.0-py3.10.egg-info/top_level.txt
-- Installing: /home/pruizayastuy/ros2_industrial_ws/install/industrial_turtle/local/lib/python3.10/dist-packages/industrial_turtle-1.0.0-py3.10.egg-info/PKG-INFO
-- Installing: /home/pruizayastuy/ros2_industrial_ws/install/industrial_turtle/local/lib/python3.10/dist-packages/industrial_turtle
-- Installing: /home/pruizayastuy/ros2_industrial_ws/install/industrial_turtle/local/lib/python3.10/dist-packages/industrial_turtle/industrial_turtle_s__rosidl_typesupport_fastrtps_c.cpython-310-x86_64-linux-gnu.so
-- Installing: /home/pruizayastuy/ros2_industrial_ws/install/industrial_turtle/local/lib/python3.10/dist-packages/industrial_turtle/__init__.py
-- Installing: /home/pruizayastuy/ros2_industrial_ws/install/industrial_turtle/local/lib/python3.10/dist-packages/industrial_turtle/_industrial_turtle_s.ep.rosidl_typesupport_c.c
-- Installing: /home/pruizayastuy/ros2_industrial_ws/install/industrial_turtle/local/lib/python3.10/dist-packages/industrial_turtle/libindustrial_turtle__rosidl_generator_py.so
-- Installing: /home/pruizayastuy/ros2_industrial_ws/install/industrial_turtle/local/lib/python3.10/dist-packages/industrial_turtle/srv
-- Installing: /home/pruizayastuy/ros2_industrial_ws/install/industrial_turtle/local/lib/python3.10/dist-packages/industrial_turtle/srv/__init__.py
-- Installing: /home/pruizayastuy/ros2_industrial_ws/install/industrial_turtle/local/lib/python3.10/dist-packages/industrial_turtle/srv/_start_mission_s.c
-- Installing: /home/pruizayastuy/ros2_industrial_ws/install/industrial_turtle/local/lib/python3.10/dist-packages/industrial_turtle/srv/_start_mission.py
-- Installing: /home/pruizayastuy/ros2_industrial_ws/install/industrial_turtle/local/lib/python3.10/dist-packages/industrial_turtle/_industrial_turtle_s.ep.rosidl_typesupport_introspection_c.c
-- Installing: /home/pruizayastuy/ros2_industrial_ws/install/industrial_turtle/local/lib/python3.10/dist-packages/industrial_turtle/industrial_turtle_s__rosidl_typesupport_introspection_c.cpython-310-x86_64-linux-gnu.so
-- Installing: /home/pruizayastuy/ros2_industrial_ws/install/industrial_turtle/local/lib/python3.10/dist-packages/industrial_turtle/msg
-- Installing: /home/pruizayastuy/ros2_industrial_ws/install/industrial_turtle/local/lib/python3.10/dist-packages/industrial_turtle/msg/__init__.py
-- Installing: /home/pruizayastuy/ros2_industrial_ws/install/industrial_turtle/local/lib/python3.10/dist-packages/industrial_turtle/msg/_robot_status_s.c
-- Installing: /home/pruizayastuy/ros2_industrial_ws/install/industrial_turtle/local/lib/python3.10/dist-packages/industrial_turtle/msg/_robot_status.py
-- Installing: /home/pruizayastuy/ros2_industrial_ws/install/industrial_turtle/local/lib/python3.10/dist-packages/industrial_turtle/industrial_turtle_s__rosidl_typesupport_c.cpython-310-x86_64-linux-gnu.so
-- Installing: /home/pruizayastuy/ros2_industrial_ws/install/industrial_turtle/local/lib/python3.10/dist-packages/industrial_turtle/_industrial_turtle_s.ep.rosidl_typesupport_fastrtps_c.c
Listing '/home/pruizayastuy/ros2_industrial_ws/install/industrial_turtle/local/lib/python3.10/dist-packages/industrial_turtle'...
Compiling '/home/pruizayastuy/ros2_industrial_ws/install/industrial_turtle/local/lib/python3.10/dist-packages/industrial_turtle/__init__.py'...
Listing '/home/pruizayastuy/ros2_industrial_ws/install/industrial_turtle/local/lib/python3.10/dist-packages/industrial_turtle/msg'...
Compiling '/home/pruizayastuy/ros2_industrial_ws/install/industrial_turtle/local/lib/python3.10/dist-packages/industrial_turtle/msg/__init__.py'...
Compiling '/home/pruizayastuy/ros2_industrial_ws/install/industrial_turtle/local/lib/python3.10/dist-packages/industrial_turtle/msg/_robot_status.py'...
Listing '/home/pruizayastuy/ros2_industrial_ws/install/industrial_turtle/local/lib/python3.10/dist-packages/industrial_turtle/srv'...
Compiling '/home/pruizayastuy/ros2_industrial_ws/install/industrial_turtle/local/lib/python3.10/dist-packages/industrial_turtle/srv/__init__.py'...
Compiling '/home/pruizayastuy/ros2_industrial_ws/install/industrial_turtle/local/lib/python3.10/dist-packages/industrial_turtle/srv/_start_mission.py'...
-- Installing: /home/pruizayastuy/ros2_industrial_ws/install/industrial_turtle/local/lib/python3.10/dist-packages/industrial_turtle/industrial_turtle_s__rosidl_typesupport_fastrtps_c.cpython-310-x86_64-linux-gnu.so
-- Set runtime path of "/home/pruizayastuy/ros2_industrial_ws/install/industrial_turtle/local/lib/python3.10/dist-packages/industrial_turtle/industrial_turtle_s__rosidl_typesupport_fastrtps_c.cpython-310-x86_64-linux-gnu.so" to ""
-- Installing: /home/pruizayastuy/ros2_industrial_ws/install/industrial_turtle/local/lib/python3.10/dist-packages/industrial_turtle/industrial_turtle_s__rosidl_typesupport_introspection_c.cpython-310-x86_64-linux-gnu.so
-- Set runtime path of "/home/pruizayastuy/ros2_industrial_ws/install/industrial_turtle/local/lib/python3.10/dist-packages/industrial_turtle/industrial_turtle_s__rosidl_typesupport_introspection_c.cpython-310-x86_64-linux-gnu.so" to ""
-- Installing: /home/pruizayastuy/ros2_industrial_ws/install/industrial_turtle/local/lib/python3.10/dist-packages/industrial_turtle/industrial_turtle_s__rosidl_typesupport_c.cpython-310-x86_64-linux-gnu.so
-- Set runtime path of "/home/pruizayastuy/ros2_industrial_ws/install/industrial_turtle/local/lib/python3.10/dist-packages/industrial_turtle/industrial_turtle_s__rosidl_typesupport_c.cpython-310-x86_64-linux-gnu.so" to ""
-- Installing: /home/pruizayastuy/ros2_industrial_ws/install/industrial_turtle/lib/libindustrial_turtle__rosidl_generator_py.so
-- Set runtime path of "/home/pruizayastuy/ros2_industrial_ws/install/industrial_turtle/lib/libindustrial_turtle__rosidl_generator_py.so" to ""
-- Installing: /home/pruizayastuy/ros2_industrial_ws/install/industrial_turtle/share/industrial_turtle/msg/RobotStatus.idl
-- Installing: /home/pruizayastuy/ros2_industrial_ws/install/industrial_turtle/share/industrial_turtle/srv/StartMission.idl
-- Installing: /home/pruizayastuy/ros2_industrial_ws/install/industrial_turtle/share/industrial_turtle/msg/RobotStatus.msg
-- Installing: /home/pruizayastuy/ros2_industrial_ws/install/industrial_turtle/share/industrial_turtle/srv/StartMission.srv
-- Installing: /home/pruizayastuy/ros2_industrial_ws/install/industrial_turtle/share/industrial_turtle/srv/StartMission_Request.msg
-- Installing: /home/pruizayastuy/ros2_industrial_ws/install/industrial_turtle/share/industrial_turtle/srv/StartMission_Response.msg
-- Installing: /home/pruizayastuy/ros2_industrial_ws/install/industrial_turtle/lib/industrial_turtle/robot_controller.py
-- Installing: /home/pruizayastuy/ros2_industrial_ws/install/industrial_turtle/lib/industrial_turtle/status_monitor.py
-- Installing: /home/pruizayastuy/ros2_industrial_ws/install/industrial_turtle/lib/industrial_turtle/mission_service.py
-- Installing: /home/pruizayastuy/ros2_industrial_ws/install/industrial_turtle/lib/industrial_turtle/emergency_service.py
-- Installing: /home/pruizayastuy/ros2_industrial_ws/install/industrial_turtle/lib/python3.10/site-packages/industrial_turtle
-- Installing: /home/pruizayastuy/ros2_industrial_ws/install/industrial_turtle/lib/python3.10/site-packages/industrial_turtle/__pycache__
-- Installing: /home/pruizayastuy/ros2_industrial_ws/install/industrial_turtle/lib/python3.10/site-packages/industrial_turtle/mission_service.py
-- Installing: /home/pruizayastuy/ros2_industrial_ws/install/industrial_turtle/lib/python3.10/site-packages/industrial_turtle/__init__.py
-- Installing: /home/pruizayastuy/ros2_industrial_ws/install/industrial_turtle/lib/python3.10/site-packages/industrial_turtle/robot_controller.py
-- Installing: /home/pruizayastuy/ros2_industrial_ws/install/industrial_turtle/lib/python3.10/site-packages/industrial_turtle/status_monitor.py
-- Installing: /home/pruizayastuy/ros2_industrial_ws/install/industrial_turtle/lib/python3.10/site-packages/industrial_turtle/emergency_service.py
-- Installing: /home/pruizayastuy/ros2_industrial_ws/install/industrial_turtle/share/ament_index/resource_index/package_run_dependencies/industrial_turtle
-- Installing: /home/pruizayastuy/ros2_industrial_ws/install/industrial_turtle/share/ament_index/resource_index/parent_prefix_path/industrial_turtle
-- Installing: /home/pruizayastuy/ros2_industrial_ws/install/industrial_turtle/share/industrial_turtle/environment/ament_prefix_path.sh
-- Installing: /home/pruizayastuy/ros2_industrial_ws/install/industrial_turtle/share/industrial_turtle/environment/ament_prefix_path.dsv
-- Installing: /home/pruizayastuy/ros2_industrial_ws/install/industrial_turtle/share/industrial_turtle/environment/path.sh
-- Installing: /home/pruizayastuy/ros2_industrial_ws/install/industrial_turtle/share/industrial_turtle/environment/path.dsv
-- Installing: /home/pruizayastuy/ros2_industrial_ws/install/industrial_turtle/share/industrial_turtle/local_setup.bash
-- Installing: /home/pruizayastuy/ros2_industrial_ws/install/industrial_turtle/share/industrial_turtle/local_setup.sh
-- Installing: /home/pruizayastuy/ros2_industrial_ws/install/industrial_turtle/share/industrial_turtle/local_setup.zsh
-- Installing: /home/pruizayastuy/ros2_industrial_ws/install/industrial_turtle/share/industrial_turtle/local_setup.dsv
-- Installing: /home/pruizayastuy/ros2_industrial_ws/install/industrial_turtle/share/industrial_turtle/package.dsv
-- Installing: /home/pruizayastuy/ros2_industrial_ws/install/industrial_turtle/share/ament_index/resource_index/packages/industrial_turtle
-- Installing: /home/pruizayastuy/ros2_industrial_ws/install/industrial_turtle/share/industrial_turtle/cmake/export_industrial_turtle__rosidl_generator_cExport.cmake
-- Installing: /home/pruizayastuy/ros2_industrial_ws/install/industrial_turtle/share/industrial_turtle/cmake/export_industrial_turtle__rosidl_generator_cExport-noconfig.cmake
-- Installing: /home/pruizayastuy/ros2_industrial_ws/install/industrial_turtle/share/industrial_turtle/cmake/export_industrial_turtle__rosidl_typesupport_fastrtps_cExport.cmake
-- Installing: /home/pruizayastuy/ros2_industrial_ws/install/industrial_turtle/share/industrial_turtle/cmake/export_industrial_turtle__rosidl_typesupport_fastrtps_cExport-noconfig.cmake
-- Installing: /home/pruizayastuy/ros2_industrial_ws/install/industrial_turtle/share/industrial_turtle/cmake/export_industrial_turtle__rosidl_generator_cppExport.cmake
-- Installing: /home/pruizayastuy/ros2_industrial_ws/install/industrial_turtle/share/industrial_turtle/cmake/export_industrial_turtle__rosidl_typesupport_fastrtps_cppExport.cmake
-- Installing: /home/pruizayastuy/ros2_industrial_ws/install/industrial_turtle/share/industrial_turtle/cmake/export_industrial_turtle__rosidl_typesupport_fastrtps_cppExport-noconfig.cmake
-- Installing: /home/pruizayastuy/ros2_industrial_ws/install/industrial_turtle/share/industrial_turtle/cmake/industrial_turtle__rosidl_typesupport_introspection_cExport.cmake
-- Installing: /home/pruizayastuy/ros2_industrial_ws/install/industrial_turtle/share/industrial_turtle/cmake/industrial_turtle__rosidl_typesupport_introspection_cExport-noconfig.cmake
-- Installing: /home/pruizayastuy/ros2_industrial_ws/install/industrial_turtle/share/industrial_turtle/cmake/industrial_turtle__rosidl_typesupport_cExport.cmake
-- Installing: /home/pruizayastuy/ros2_industrial_ws/install/industrial_turtle/share/industrial_turtle/cmake/industrial_turtle__rosidl_typesupport_cExport-noconfig.cmake
-- Installing: /home/pruizayastuy/ros2_industrial_ws/install/industrial_turtle/share/industrial_turtle/cmake/industrial_turtle__rosidl_typesupport_introspection_cppExport.cmake
-- Installing: /home/pruizayastuy/ros2_industrial_ws/install/industrial_turtle/share/industrial_turtle/cmake/industrial_turtle__rosidl_typesupport_introspection_cppExport-noconfig.cmake
-- Installing: /home/pruizayastuy/ros2_industrial_ws/install/industrial_turtle/share/industrial_turtle/cmake/industrial_turtle__rosidl_typesupport_cppExport.cmake
-- Installing: /home/pruizayastuy/ros2_industrial_ws/install/industrial_turtle/share/industrial_turtle/cmake/industrial_turtle__rosidl_typesupport_cppExport-noconfig.cmake
-- Installing: /home/pruizayastuy/ros2_industrial_ws/install/industrial_turtle/share/industrial_turtle/cmake/export_industrial_turtle__rosidl_generator_pyExport.cmake
-- Installing: /home/pruizayastuy/ros2_industrial_ws/install/industrial_turtle/share/industrial_turtle/cmake/export_industrial_turtle__rosidl_generator_pyExport-noconfig.cmake
-- Installing: /home/pruizayastuy/ros2_industrial_ws/install/industrial_turtle/share/industrial_turtle/cmake/rosidl_cmake-extras.cmake
-- Installing: /home/pruizayastuy/ros2_industrial_ws/install/industrial_turtle/share/industrial_turtle/cmake/ament_cmake_export_dependencies-extras.cmake
-- Installing: /home/pruizayastuy/ros2_industrial_ws/install/industrial_turtle/share/industrial_turtle/cmake/ament_cmake_export_include_directories-extras.cmake
-- Installing: /home/pruizayastuy/ros2_industrial_ws/install/industrial_turtle/share/industrial_turtle/cmake/ament_cmake_export_libraries-extras.cmake
-- Installing: /home/pruizayastuy/ros2_industrial_ws/install/industrial_turtle/share/industrial_turtle/cmake/ament_cmake_export_targets-extras.cmake
-- Installing: /home/pruizayastuy/ros2_industrial_ws/install/industrial_turtle/share/industrial_turtle/cmake/rosidl_cmake_export_typesupport_targets-extras.cmake
-- Installing: /home/pruizayastuy/ros2_industrial_ws/install/industrial_turtle/share/industrial_turtle/cmake/rosidl_cmake_export_typesupport_libraries-extras.cmake
-- Installing: /home/pruizayastuy/ros2_industrial_ws/install/industrial_turtle/share/industrial_turtle/cmake/industrial_turtleConfig.cmake
-- Installing: /home/pruizayastuy/ros2_industrial_ws/install/industrial_turtle/share/industrial_turtle/cmake/industrial_turtleConfig-version.cmake
-- Installing: /home/pruizayastuy/ros2_industrial_ws/install/industrial_turtle/share/industrial_turtle/package.xml
