/home/pruizayastuy/ros2_industrial_ws/install/industrial_turtle/lib/python3.10/site-packages/industrial_turtle/mission_service.py
/home/pruizayastuy/ros2_industrial_ws/install/industrial_turtle/lib/python3.10/site-packages/industrial_turtle/__init__.py
/home/pruizayastuy/ros2_industrial_ws/install/industrial_turtle/lib/python3.10/site-packages/industrial_turtle/robot_controller.py
/home/pruizayastuy/ros2_industrial_ws/install/industrial_turtle/lib/python3.10/site-packages/industrial_turtle/status_monitor.py
/home/pruizayastuy/ros2_industrial_ws/install/industrial_turtle/lib/python3.10/site-packages/industrial_turtle/emergency_service.py
/home/pruizayastuy/ros2_industrial_ws/install/industrial_turtle/lib/python3.10/site-packages/industrial_turtle/__pycache__/mission_service.cpython-310.pyc
/home/pruizayastuy/ros2_industrial_ws/install/industrial_turtle/lib/python3.10/site-packages/industrial_turtle/__pycache__/__init__.cpython-310.pyc
/home/pruizayastuy/ros2_industrial_ws/install/industrial_turtle/lib/python3.10/site-packages/industrial_turtle/__pycache__/robot_controller.cpython-310.pyc
/home/pruizayastuy/ros2_industrial_ws/install/industrial_turtle/lib/python3.10/site-packages/industrial_turtle/__pycache__/status_monitor.cpython-310.pyc
/home/pruizayastuy/ros2_industrial_ws/install/industrial_turtle/lib/python3.10/site-packages/industrial_turtle/__pycache__/emergency_service.cpython-310.pyc
/home/pruizayastuy/ros2_industrial_ws/install/industrial_turtle/share/ament_index/resource_index/packages/industrial_turtle
/home/pruizayastuy/ros2_industrial_ws/install/industrial_turtle/share/industrial_turtle/package.xml
/home/pruizayastuy/ros2_industrial_ws/install/industrial_turtle/share/industrial_turtle/msg/RobotStatus.msg
/home/pruizayastuy/ros2_industrial_ws/install/industrial_turtle/share/industrial_turtle/srv/StartMission.srv
/home/pruizayastuy/ros2_industrial_ws/install/industrial_turtle/lib/python3.10/site-packages/industrial_turtle-1.0.0-py3.10.egg-info/zip-safe
/home/pruizayastuy/ros2_industrial_ws/install/industrial_turtle/lib/python3.10/site-packages/industrial_turtle-1.0.0-py3.10.egg-info/SOURCES.txt
/home/pruizayastuy/ros2_industrial_ws/install/industrial_turtle/lib/python3.10/site-packages/industrial_turtle-1.0.0-py3.10.egg-info/dependency_links.txt
/home/pruizayastuy/ros2_industrial_ws/install/industrial_turtle/lib/python3.10/site-packages/industrial_turtle-1.0.0-py3.10.egg-info/entry_points.txt
/home/pruizayastuy/ros2_industrial_ws/install/industrial_turtle/lib/python3.10/site-packages/industrial_turtle-1.0.0-py3.10.egg-info/top_level.txt
/home/pruizayastuy/ros2_industrial_ws/install/industrial_turtle/lib/python3.10/site-packages/industrial_turtle-1.0.0-py3.10.egg-info/PKG-INFO
/home/pruizayastuy/ros2_industrial_ws/install/industrial_turtle/lib/python3.10/site-packages/industrial_turtle-1.0.0-py3.10.egg-info/requires.txt
/home/pruizayastuy/ros2_industrial_ws/install/industrial_turtle/lib/industrial_turtle/emergency_service
/home/pruizayastuy/ros2_industrial_ws/install/industrial_turtle/lib/industrial_turtle/mission_service
/home/pruizayastuy/ros2_industrial_ws/install/industrial_turtle/lib/industrial_turtle/robot_controller
/home/pruizayastuy/ros2_industrial_ws/install/industrial_turtle/lib/industrial_turtle/status_monitor
